<?xml version="1.0" encoding="UTF-8"?>
<!-- Generated by org.testng.reporters.JUnitXMLReporter -->
<testsuite hostname="DESKTOP-VII0J20" ignored="0" name="ProfileDetails" tests="4" failures="1" timestamp="2021-09-05T15:43:45 BDT" time="40.508" errors="0">
  <testcase name="ProfileNamefieldTest" time="0.066" classname="com.FalconTalk.ProfileDetails.ProfileDetails"/>
  <testcase name="DomainfieldTest" time="0.059" classname="com.FalconTalk.ProfileDetails.ProfileDetails"/>
  <testcase name="ExtensionfieldTest" time="0.757" classname="com.FalconTalk.ProfileDetails.ProfileDetails"/>
  <testcase name="ApplyButtonTest" time="25.547" classname="com.FalconTalk.ProfileDetails.ProfileDetails">
    <failure type="java.lang.AssertionError" message="Account is not Registered expected [Registered] but found [In Progress]">
      <![CDATA[java.lang.AssertionError: Account is not Registered expected [Registered] but found [In Progress]
at com.FalconTalk.ProfileDetails.ProfileDetails.ApplyButtonTest(ProfileDetails.java:48)
at java.util.ArrayList.forEach(ArrayList.java:1259)
... Removed 32 stack frames]]>
    </failure>
  </testcase> <!-- ApplyButtonTest -->
</testsuite> <!-- ProfileDetails -->
